<?xml version="1.0" encoding="UTF-8"?>
<!-- Generated by org.testng.reporters.JUnitReportReporter -->
<testsuite skipped="0" hostname="DESKTOP-0UQ0ULN" name="com.admin.AdminTestCases" tests="9" failures="0" timestamp="04 May 2019 18:20:55 GMT" time="7.677" errors="0">
  <testcase name="verify_URL" time="0.091" classname="com.admin.AdminTestCases"/>
  <testcase name="verify_TitleApplication" time="0.017" classname="com.admin.AdminTestCases"/>
  <testcase name="login_session" time="0.759" classname="com.admin.AdminTestCases"/>
  <testcase name="Check_PlaceHolder_Username" time="0.113" classname="com.admin.AdminTestCases"/>
  <testcase name="Check_Placeholder_Password" time="0.034" classname="com.admin.AdminTestCases"/>
  <testcase name="Check_Button_color" time="0.203" classname="com.admin.AdminTestCases"/>
  <testcase name="check_Links" time="0.068" classname="com.admin.AdminTestCases"/>
  <testcase name="Blank_UserName_Password" time="0.558" classname="com.admin.AdminTestCases"/>
  <testcase name="valid_username_password" time="5.834" classname="com.admin.AdminTestCases"/>
</testsuite> <!-- com.admin.AdminTestCases -->
