<?xml version="1.0" encoding="UTF-8"?>
<!-- Generated by org.testng.reporters.JUnitReportReporter -->
<testsuite skipped="20" hostname="DESKTOP-0UQ0ULN" name="com.admin.admin.Login_TestCase" tests="21" failures="0" timestamp="04 May 2019 07:09:32 GMT" time="0.233" errors="1">
  <testcase name="setup_Browser" time="0.233" classname="com.admin.admin.Login_TestCase">
    <error type="java.lang.IllegalStateException" message="The path to the driver executable must be set by the webdriver.gecko.driver system property; for more information, see https://github.com/mozilla/geckodriver. The latest version can be downloaded from https://github.com/mozilla/geckodriver/releases">
      <![CDATA[java.lang.IllegalStateException: The path to the driver executable must be set by the webdriver.gecko.driver system property; for more information, see https://github.com/mozilla/geckodriver. The latest version can be downloaded from https://github.com/mozilla/geckodriver/releases
at com.google.common.base.Preconditions.checkState(Preconditions.java:847)
at org.openqa.selenium.remote.service.DriverService.findExecutable(DriverService.java:134)
at org.openqa.selenium.firefox.GeckoDriverService.access$100(GeckoDriverService.java:44)
at org.openqa.selenium.firefox.GeckoDriverService$Builder.findDefaultExecutable(GeckoDriverService.java:167)
at org.openqa.selenium.remote.service.DriverService$Builder.build(DriverService.java:355)
at org.openqa.selenium.firefox.FirefoxDriver.toExecutor(FirefoxDriver.java:190)
at org.openqa.selenium.firefox.FirefoxDriver.<init>(FirefoxDriver.java:147)
at org.openqa.selenium.firefox.FirefoxDriver.<init>(FirefoxDriver.java:125)
at com.admin.admin.Login_TestCase.setup_Browser(Login_TestCase.java:24)
at sun.reflect.NativeMethodAccessorImpl.invoke0(Native Method)
at sun.reflect.NativeMethodAccessorImpl.invoke(NativeMethodAccessorImpl.java:62)
at sun.reflect.DelegatingMethodAccessorImpl.invoke(DelegatingMethodAccessorImpl.java:43)
at java.lang.reflect.Method.invoke(Method.java:498)
at org.testng.internal.MethodInvocationHelper.invokeMethod(MethodInvocationHelper.java:124)
at org.testng.internal.MethodInvocationHelper.invokeMethodConsideringTimeout(MethodInvocationHelper.java:59)
at org.testng.internal.Invoker.invokeConfigurationMethod(Invoker.java:458)
at org.testng.internal.Invoker.invokeConfigurations(Invoker.java:222)
at org.testng.internal.Invoker.invokeConfigurations(Invoker.java:142)
at org.testng.SuiteRunner.privateRun(SuiteRunner.java:401)
at org.testng.SuiteRunner.run(SuiteRunner.java:364)
at org.testng.SuiteRunnerWorker.runSuite(SuiteRunnerWorker.java:52)
at org.testng.SuiteRunnerWorker.run(SuiteRunnerWorker.java:84)
at org.testng.TestNG.runSuitesSequentially(TestNG.java:1208)
at org.testng.TestNG.runSuitesLocally(TestNG.java:1137)
at org.testng.TestNG.runSuites(TestNG.java:1049)
at org.testng.TestNG.run(TestNG.java:1017)
at org.testng.remote.AbstractRemoteTestNG.run(AbstractRemoteTestNG.java:115)
at org.testng.remote.RemoteTestNG.initAndRun(RemoteTestNG.java:251)
at org.testng.remote.RemoteTestNG.main(RemoteTestNG.java:77)
]]>
    </error>
  </testcase> <!-- setup_Browser -->
  <testcase name="Verify_Url" time="0.000" classname="com.admin.admin.Login_TestCase">
    <skipped/>
  </testcase> <!-- Verify_Url -->
  <testcase name="verifyApplicationTitle" time="0.000" classname="com.admin.admin.Login_TestCase">
    <skipped/>
  </testcase> <!-- verifyApplicationTitle -->
  <testcase name="verify_Title" time="0.000" classname="com.admin.admin.Login_TestCase">
    <skipped/>
  </testcase> <!-- verify_Title -->
  <testcase name="loginsesion" time="0.000" classname="com.admin.admin.Login_TestCase">
    <skipped/>
  </testcase> <!-- loginsesion -->
  <testcase name="Check_PlaceHolder_Username" time="0.000" classname="com.admin.admin.Login_TestCase">
    <skipped/>
  </testcase> <!-- Check_PlaceHolder_Username -->
  <testcase name="Check_PlaceHolder_Password" time="0.000" classname="com.admin.admin.Login_TestCase">
    <skipped/>
  </testcase> <!-- Check_PlaceHolder_Password -->
  <testcase name="check_Button_color" time="0.000" classname="com.admin.admin.Login_TestCase">
    <skipped/>
  </testcase> <!-- check_Button_color -->
  <testcase name="check_Links" time="0.000" classname="com.admin.admin.Login_TestCase">
    <skipped/>
  </testcase> <!-- check_Links -->
  <testcase name="blank_username_password" time="0.000" classname="com.admin.admin.Login_TestCase">
    <skipped/>
  </testcase> <!-- blank_username_password -->
  <testcase name="invalidusername_password" time="0.000" classname="com.admin.admin.Login_TestCase">
    <skipped/>
  </testcase> <!-- invalidusername_password -->
  <testcase name="validUsername_Password" time="0.000" classname="com.admin.admin.Login_TestCase">
    <skipped/>
  </testcase> <!-- validUsername_Password -->
  <testcase name="Verify_Url_DashBoard" time="0.000" classname="com.admin.admin.Login_TestCase">
    <skipped/>
  </testcase> <!-- Verify_Url_DashBoard -->
  <testcase name="verifyApplicationTitle_DashBoard" time="0.000" classname="com.admin.admin.Login_TestCase">
    <skipped/>
  </testcase> <!-- verifyApplicationTitle_DashBoard -->
  <testcase name="heading_Dashboard" time="0.000" classname="com.admin.admin.Login_TestCase">
    <skipped/>
  </testcase> <!-- heading_Dashboard -->
  <testcase name="click_OnUser" time="0.000" classname="com.admin.admin.Login_TestCase">
    <skipped/>
  </testcase> <!-- click_OnUser -->
  <testcase name="getTableData" time="0.000" classname="com.admin.admin.Login_TestCase">
    <skipped/>
  </testcase> <!-- getTableData -->
  <testcase name="Click_On_AddUser_Btn" time="0.000" classname="com.admin.admin.Login_TestCase">
    <skipped/>
  </testcase> <!-- Click_On_AddUser_Btn -->
  <testcase name="Fill_Form" time="0.000" classname="com.admin.admin.Login_TestCase">
    <skipped/>
  </testcase> <!-- Fill_Form -->
  <testcase name="clickOn_OperatorBtn" time="0.000" classname="com.admin.admin.Login_TestCase">
    <skipped/>
  </testcase> <!-- clickOn_OperatorBtn -->
  <testcase name="logOutBtn" time="0.000" classname="com.admin.admin.Login_TestCase">
    <skipped/>
  </testcase> <!-- logOutBtn -->
</testsuite> <!-- com.admin.admin.Login_TestCase -->
