<?xml version="1.0" encoding="UTF-8"?>
<!-- Generated by org.testng.reporters.JUnitReportReporter -->
<testsuite skipped="0" hostname="DESKTOP-0UQ0ULN" name="com.admin.AdminTableData" tests="1" failures="0" timestamp="04 May 2019 11:35:44 GMT" time="2.547" errors="0">
  <testcase name="valid_username_password" time="2.547" classname="com.admin.AdminTableData"/>
</testsuite> <!-- com.admin.AdminTableData -->
